#
# There is insufficient memory for the Java Runtime Environment to continue.
# Native memory allocation (malloc) failed to allocate 798416 bytes for Chunk::new
# Possible reasons:
#   The system is out of physical RAM or swap space
#   In 32 bit mode, the process size limit was hit
# Possible solutions:
#   Reduce memory load on the system
#   Increase physical memory or swap space
#   Check if swap backing store is full
#   Use 64 bit Java on a 64 bit OS
#   Decrease Java heap size (-Xmx/-Xms)
#   Decrease number of Java threads
#   Decrease Java thread stack sizes (-Xss)
#   Set larger code cache with -XX:ReservedCodeCacheSize=
# This output file may be truncated or incomplete.
#
#  Out of Memory Error (allocation.cpp:390), pid=18696, tid=0x000000000000ad84
#
# JRE version: Java(TM) SE Runtime Environment (8.0_131-b11) (build 1.8.0_131-b11)
# Java VM: Java HotSpot(TM) 64-Bit Server VM (25.131-b11 mixed mode windows-amd64 compressed oops)
# Failed to write core dump. Minidumps are not enabled by default on client versions of Windows
#

---------------  T H R E A D  ---------------

Current thread (0x000000001d673800):  JavaThread "C2 CompilerThread0" daemon [_thread_in_native, id=44420, stack(0x000000001dd40000,0x000000001de40000)]

Stack: [0x000000001dd40000,0x000000001de40000]
[error occurred during error reporting (printing stack bounds), id 0xc0000005]

Native frames: (J=compiled Java code, j=interpreted, Vv=VM code, C=native code)


Current CompileTask:
C2:   2453 2770       4       org.apache.maven.repository.internal.ArtifactDescriptorReaderDelegate::convert (194 bytes)


---------------  P R O C E S S  ---------------

Java Threads: ( => current thread )
  0x000000001d716000 JavaThread "Service Thread" daemon [_thread_blocked, id=40192, stack(0x000000001e040000,0x000000001e140000)]
  0x000000001d67c800 JavaThread "C1 CompilerThread2" daemon [_thread_blocked, id=41964, stack(0x000000001df40000,0x000000001e040000)]
  0x000000001d679000 JavaThread "C2 CompilerThread1" daemon [_thread_in_native, id=14772, stack(0x000000001de40000,0x000000001df40000)]
=>0x000000001d673800 JavaThread "C2 CompilerThread0" daemon [_thread_in_native, id=44420, stack(0x000000001dd40000,0x000000001de40000)]
  0x000000001c2f5800 JavaThread "Monitor Ctrl-Break" daemon [_thread_in_native, id=31336, stack(0x000000001dc40000,0x000000001dd40000)]
  0x000000001c2d9000 JavaThread "Attach Listener" daemon [_thread_blocked, id=44996, stack(0x000000001db40000,0x000000001dc40000)]
  0x000000001d650800 JavaThread "Signal Dispatcher" daemon [_thread_blocked, id=41852, stack(0x000000001da40000,0x000000001db40000)]
  0x000000001c2c9000 JavaThread "Finalizer" daemon [_thread_blocked, id=43216, stack(0x000000001d540000,0x000000001d640000)]
  0x0000000002d31000 JavaThread "Reference Handler" daemon [_thread_blocked, id=42308, stack(0x000000001d440000,0x000000001d540000)]
  0x0000000000e5d800 JavaThread "main" [_thread_in_Java, id=43304, stack(0x0000000002940000,0x0000000002a40000)]

Other Threads:
  0x000000001c2a7800 VMThread [stack: 0x000000001d340000,0x000000001d440000] [id=41628]
  0x000000001d74e800 WatcherThread [stack: 0x000000001e140000,0x000000001e240000] [id=44348]

VM state:not at safepoint (normal execution)

VM Mutex/Monitor currently owned by a thread: None

Heap:
 PSYoungGen      total 75776K, used 43540K [0x000000076b580000, 0x0000000774980000, 0x00000007c0000000)
  eden space 65024K, 50% used [0x000000076b580000,0x000000076d58afe8,0x000000076f500000)
  from space 10752K, 99% used [0x000000076f500000,0x000000076ff7a020,0x000000076ff80000)
  to   space 10752K, 0% used [0x0000000773f00000,0x0000000773f00000,0x0000000774980000)
 ParOldGen       total 173568K, used 7953K [0x00000006c2000000, 0x00000006cc980000, 0x000000076b580000)
  object space 173568K, 4% used [0x00000006c2000000,0x00000006c27c4508,0x00000006cc980000)
 Metaspace       used 15845K, capacity 16152K, committed 16384K, reserved 1062912K
  class space    used 1880K, capacity 1952K, committed 2048K, reserved 1048576K

Card table byte_map: [0x0000000012100000,0x0000000012900000] byte_map_base: 0x000000000eaf0000

Marking Bits: (ParMarkBitMap*) 0x0000000068bdc720
 Begin Bits: [0x0000000013250000, 0x00000000171d0000)
 End Bits:   [0x00000000171d0000, 0x000000001b150000)

Polling page: 0x0000000000e40000

CodeCache: size=245760Kb used=10159Kb max_used=10172Kb free=235600Kb
 bounds [0x0000000002d40000, 0x0000000003740000, 0x0000000011d40000]
 total_blobs=3223 nmethods=2876 adapters=259
 compilation: enabled

Compilation events (10 events):
Event: 2.442 Thread 0x000000001d67c800 2876       3       org.apache.maven.model.Scm::getLocation (25 bytes)
Event: 2.442 Thread 0x000000001d67c800 nmethod 2876 0x000000000372cc10 code [0x000000000372cd80, 0x000000000372d0e8]
Event: 2.443 Thread 0x000000001d679000 nmethod 2772 0x000000000372c310 code [0x000000000372c480, 0x000000000372c898]
Event: 2.443 Thread 0x000000001d679000 2875  s!   4       java.util.Hashtable::clone (99 bytes)
Event: 2.445 Thread 0x000000001d67c800 2878       3       org.eclipse.aether.util.graph.selector.ExclusionDependencySelector::matches (78 bytes)
Event: 2.446 Thread 0x000000001d67c800 nmethod 2878 0x0000000003731510 code [0x0000000003731780, 0x0000000003732998]
Event: 2.446 Thread 0x000000001d67c800 2879       3       java.util.Collections::singleton (9 bytes)
Event: 2.446 Thread 0x000000001d67c800 nmethod 2879 0x0000000003730f10 code [0x0000000003731080, 0x0000000003731390]
Event: 2.449 Thread 0x000000001d679000 nmethod 2875 0x000000000372fe90 code [0x0000000003730020, 0x0000000003730998]
Event: 2.449 Thread 0x000000001d679000 2877   !   4       org.codehaus.plexus.interpolation.StringSearchInterpolator::interpolate (655 bytes)

GC Heap History (6 events):
Event: 0.747 GC heap before
{Heap before GC invocations=1 (full 0):
 PSYoungGen      total 75776K, used 65024K [0x000000076b580000, 0x0000000770a00000, 0x00000007c0000000)
  eden space 65024K, 100% used [0x000000076b580000,0x000000076f500000,0x000000076f500000)
  from space 10752K, 0% used [0x000000076ff80000,0x000000076ff80000,0x0000000770a00000)
  to   space 10752K, 0% used [0x000000076f500000,0x000000076f500000,0x000000076ff80000)
 ParOldGen       total 173568K, used 0K [0x00000006c2000000, 0x00000006cc980000, 0x000000076b580000)
  object space 173568K, 0% used [0x00000006c2000000,0x00000006c2000000,0x00000006cc980000)
 Metaspace       used 11403K, capacity 11682K, committed 11776K, reserved 1058816K
  class space    used 1429K, capacity 1511K, committed 1536K, reserved 1048576K
Event: 0.754 GC heap after
Heap after GC invocations=1 (full 0):
 PSYoungGen      total 75776K, used 9320K [0x000000076b580000, 0x0000000770a00000, 0x00000007c0000000)
  eden space 65024K, 0% used [0x000000076b580000,0x000000076b580000,0x000000076f500000)
  from space 10752K, 86% used [0x000000076f500000,0x000000076fe1a318,0x000000076ff80000)
  to   space 10752K, 0% used [0x000000076ff80000,0x000000076ff80000,0x0000000770a00000)
 ParOldGen       total 173568K, used 16K [0x00000006c2000000, 0x00000006cc980000, 0x000000076b580000)
  object space 173568K, 0% used [0x00000006c2000000,0x00000006c2004000,0x00000006cc980000)
 Metaspace       used 11403K, capacity 11682K, committed 11776K, reserved 1058816K
  class space    used 1429K, capacity 1511K, committed 1536K, reserved 1048576K
}
Event: 1.524 GC heap before
{Heap before GC invocations=2 (full 0):
 PSYoungGen      total 75776K, used 74344K [0x000000076b580000, 0x0000000770a00000, 0x00000007c0000000)
  eden space 65024K, 100% used [0x000000076b580000,0x000000076f500000,0x000000076f500000)
  from space 10752K, 86% used [0x000000076f500000,0x000000076fe1a318,0x000000076ff80000)
  to   space 10752K, 0% used [0x000000076ff80000,0x000000076ff80000,0x0000000770a00000)
 ParOldGen       total 173568K, used 16K [0x00000006c2000000, 0x00000006cc980000, 0x000000076b580000)
  object space 173568K, 0% used [0x00000006c2000000,0x00000006c2004000,0x00000006cc980000)
 Metaspace       used 15068K, capacity 15374K, committed 15488K, reserved 1062912K
  class space    used 1839K, capacity 1913K, committed 1920K, reserved 1048576K
Event: 1.537 GC heap after
Heap after GC invocations=2 (full 0):
 PSYoungGen      total 75776K, used 10728K [0x000000076b580000, 0x0000000774980000, 0x00000007c0000000)
  eden space 65024K, 0% used [0x000000076b580000,0x000000076b580000,0x000000076f500000)
  from space 10752K, 99% used [0x000000076ff80000,0x00000007709fa040,0x0000000770a00000)
  to   space 10752K, 0% used [0x000000076f500000,0x000000076f500000,0x000000076ff80000)
 ParOldGen       total 173568K, used 2668K [0x00000006c2000000, 0x00000006cc980000, 0x000000076b580000)
  object space 173568K, 1% used [0x00000006c2000000,0x00000006c229b2b8,0x00000006cc980000)
 Metaspace       used 15068K, capacity 15374K, committed 15488K, reserved 1062912K
  class space    used 1839K, capacity 1913K, committed 1920K, reserved 1048576K
}
Event: 2.115 GC heap before
{Heap before GC invocations=3 (full 0):
 PSYoungGen      total 75776K, used 75752K [0x000000076b580000, 0x0000000774980000, 0x00000007c0000000)
  eden space 65024K, 100% used [0x000000076b580000,0x000000076f500000,0x000000076f500000)
  from space 10752K, 99% used [0x000000076ff80000,0x00000007709fa040,0x0000000770a00000)
  to   space 10752K, 0% used [0x000000076f500000,0x000000076f500000,0x000000076ff80000)
 ParOldGen       total 173568K, used 2668K [0x00000006c2000000, 0x00000006cc980000, 0x000000076b580000)
  object space 173568K, 1% used [0x00000006c2000000,0x00000006c229b2b8,0x00000006cc980000)
 Metaspace       used 15673K, capacity 16012K, committed 16128K, reserved 1062912K
  class space    used 1876K, capacity 1950K, committed 2048K, reserved 1048576K
Event: 2.143 GC heap after
Heap after GC invocations=3 (full 0):
 PSYoungGen      total 75776K, used 10728K [0x000000076b580000, 0x0000000774980000, 0x00000007c0000000)
  eden space 65024K, 0% used [0x000000076b580000,0x000000076b580000,0x000000076f500000)
  from space 10752K, 99% used [0x000000076f500000,0x000000076ff7a020,0x000000076ff80000)
  to   space 10752K, 0% used [0x0000000773f00000,0x0000000773f00000,0x0000000774980000)
 ParOldGen       total 173568K, used 7953K [0x00000006c2000000, 0x00000006cc980000, 0x000000076b580000)
  object space 173568K, 4% used [0x00000006c2000000,0x00000006c27c4508,0x00000006cc980000)
 Metaspace       used 15673K, capacity 16012K, committed 16128K, reserved 1062912K
  class space    used 1876K, capacity 1950K, committed 2048K, reserved 1048576K
}

Deoptimization events (10 events):
Event: 2.263 Thread 0x0000000000e5d800 Uncommon trap: reason=speculate_class_check action=maybe_recompile pc=0x00000000033652e0 method=java.nio.charset.CharsetDecoder.decode(Ljava/nio/ByteBuffer;Ljava/nio/CharBuffer;Z)Ljava/nio/charset/CoderResult; @ 57
Event: 2.264 Thread 0x0000000000e5d800 Uncommon trap: reason=speculate_class_check action=maybe_recompile pc=0x00000000033652e0 method=java.nio.charset.CharsetDecoder.decode(Ljava/nio/ByteBuffer;Ljava/nio/CharBuffer;Z)Ljava/nio/charset/CoderResult; @ 57
Event: 2.278 Thread 0x0000000000e5d800 Uncommon trap: reason=unstable_if action=reinterpret pc=0x00000000033c6afc method=java.util.regex.Pattern$Curly.match(Ljava/util/regex/Matcher;ILjava/lang/CharSequence;)Z @ 45
Event: 2.278 Thread 0x0000000000e5d800 Uncommon trap: reason=class_check action=maybe_recompile pc=0x00000000035980f4 method=org.codehaus.plexus.interpolation.MapBasedValueSource.getValue(Ljava/lang/String;)Ljava/lang/Object; @ 16
Event: 2.278 Thread 0x0000000000e5d800 Uncommon trap: reason=class_check action=maybe_recompile pc=0x00000000035980f4 method=org.codehaus.plexus.interpolation.MapBasedValueSource.getValue(Ljava/lang/String;)Ljava/lang/Object; @ 16
Event: 2.278 Thread 0x0000000000e5d800 Uncommon trap: reason=class_check action=maybe_recompile pc=0x00000000035980f4 method=org.codehaus.plexus.interpolation.MapBasedValueSource.getValue(Ljava/lang/String;)Ljava/lang/Object; @ 16
Event: 2.324 Thread 0x0000000000e5d800 Uncommon trap: reason=unstable_if action=reinterpret pc=0x0000000003559b30 method=org.codehaus.plexus.util.xml.pull.MXParser.parseAttribute()C @ 995
Event: 2.380 Thread 0x0000000000e5d800 Uncommon trap: reason=intrinsic action=make_not_entrant pc=0x0000000003406cc8 method=org.apache.maven.model.Dependency.getManagementKey()Ljava/lang/String; @ 8
Event: 2.385 Thread 0x0000000000e5d800 Uncommon trap: reason=intrinsic action=make_not_entrant pc=0x0000000003387254 method=org.apache.maven.model.Dependency.getManagementKey()Ljava/lang/String; @ 8
Event: 2.441 Thread 0x0000000000e5d800 Uncommon trap: reason=speculate_class_check action=maybe_recompile pc=0x0000000003708e6c method=java.nio.charset.CharsetDecoder.decode(Ljava/nio/ByteBuffer;Ljava/nio/CharBuffer;Z)Ljava/nio/charset/CoderResult; @ 57

Internal exceptions (10 events):
Event: 0.888 Thread 0x0000000000e5d800 Exception <a 'java/lang/NoClassDefFoundError': com/google/inject/servlet/ServletModuleTargetVisitor> (0x000000076c0801f0) thrown at [C:\re\workspace\8-2-build-windows-amd64-cygwin\jdk8u131\8869\hotspot\src\share\vm\classfile\systemDictionary.cpp, line 199
Event: 0.888 Thread 0x0000000000e5d800 Exception <a 'java/lang/NoClassDefFoundError'> (0x000000076c0801f0) thrown at [C:\re\workspace\8-2-build-windows-amd64-cygwin\jdk8u131\8869\hotspot\src\share\vm\prims\jvm.cpp, line 1394]
Event: 0.888 Thread 0x0000000000e5d800 Exception <a 'java/lang/NoClassDefFoundError': javax/annotation/Priority> (0x000000076c084de8) thrown at [C:\re\workspace\8-2-build-windows-amd64-cygwin\jdk8u131\8869\hotspot\src\share\vm\classfile\systemDictionary.cpp, line 199]
Event: 0.984 Thread 0x0000000000e5d800 Implicit null exception at 0x0000000002f2249b to 0x0000000002f22685
Event: 1.200 Thread 0x0000000000e5d800 Implicit null exception at 0x00000000032e1935 to 0x00000000032e1d35
Event: 1.628 Thread 0x0000000000e5d800 Implicit null exception at 0x00000000034f69ab to 0x00000000034f7d11
Event: 1.660 Thread 0x0000000000e5d800 Implicit null exception at 0x0000000002fda315 to 0x0000000002fda519
Event: 1.660 Thread 0x0000000000e5d800 Implicit null exception at 0x0000000002f87eaf to 0x0000000002f87f19
Event: 1.783 Thread 0x0000000000e5d800 Implicit null exception at 0x00000000034a98cf to 0x00000000034a9e25
Event: 2.168 Thread 0x0000000000e5d800 Implicit null exception at 0x0000000003672915 to 0x00000000036770bd

Events (10 events):
Event: 2.385 Thread 0x0000000000e5d800 DEOPT UNPACKING pc=0x0000000002d8582a sp=0x0000000002a3b8c8 mode 2
Event: 2.440 loading class sun/nio/cs/ISO_8859_15
Event: 2.440 loading class sun/nio/cs/ISO_8859_15 done
Event: 2.440 loading class sun/nio/cs/SingleByte
Event: 2.440 loading class sun/nio/cs/SingleByte done
Event: 2.441 loading class sun/nio/cs/SingleByte$Decoder
Event: 2.441 loading class sun/nio/cs/SingleByte$Decoder done
Event: 2.441 Thread 0x0000000000e5d800 Uncommon trap: trap_request=0xffffff76 fr.pc=0x0000000003708e6c
Event: 2.441 Thread 0x0000000000e5d800 DEOPT PACKING pc=0x0000000003708e6c sp=0x0000000002a3bb30
Event: 2.441 Thread 0x0000000000e5d800 DEOPT UNPACKING pc=0x0000000002d8582a sp=0x0000000002a3ba38 mode 2


Dynamic libraries:
0x00007ff648060000 - 0x00007ff648097000 	D:\Java\jdk1.8.0_131\bin\java.exe
0x00007ff84bfa0000 - 0x00007ff84c171000 	C:\Windows\SYSTEM32\ntdll.dll
0x00007ff849590000 - 0x00007ff84963b000 	C:\Windows\System32\KERNEL32.DLL
0x00007ff849120000 - 0x00007ff84933d000 	C:\Windows\System32\KERNELBASE.dll
0x00007ff84b840000 - 0x00007ff84b8e2000 	C:\Windows\System32\ADVAPI32.dll
0x00007ff84b7a0000 - 0x00007ff84b83e000 	C:\Windows\System32\msvcrt.dll
0x00007ff849530000 - 0x00007ff849589000 	C:\Windows\System32\sechost.dll
0x00007ff8497a0000 - 0x00007ff8498c1000 	C:\Windows\System32\RPCRT4.dll
0x00007ff84b090000 - 0x00007ff84b1f5000 	C:\Windows\System32\USER32.dll
0x00007ff848c20000 - 0x00007ff848c3e000 	C:\Windows\System32\win32u.dll
0x00007ff84b700000 - 0x00007ff84b734000 	C:\Windows\System32\GDI32.dll
0x00007ff849340000 - 0x00007ff8494c2000 	C:\Windows\System32\gdi32full.dll
0x00007ff83dbb0000 - 0x00007ff83de2a000 	C:\Windows\WinSxS\amd64_microsoft.windows.common-controls_6595b64144ccf1df_6.0.14393.953_none_42151e83c686086b\COMCTL32.dll
0x00007ff84b430000 - 0x00007ff84b6f8000 	C:\Windows\System32\combase.dll
0x00007ff848d00000 - 0x00007ff848df5000 	C:\Windows\System32\ucrtbase.dll
0x00007ff848c40000 - 0x00007ff848caa000 	C:\Windows\System32\bcryptPrimitives.dll
0x00007ff84b3e0000 - 0x00007ff84b40e000 	C:\Windows\System32\IMM32.DLL
0x0000000068c60000 - 0x0000000068d32000 	D:\Java\jdk1.8.0_131\jre\bin\msvcr100.dll
0x00000000683c0000 - 0x0000000068c5c000 	D:\Java\jdk1.8.0_131\jre\bin\server\jvm.dll
0x00007ff84b410000 - 0x00007ff84b418000 	C:\Windows\System32\PSAPI.DLL
0x00007ff83bc20000 - 0x00007ff83bc29000 	C:\Windows\SYSTEM32\WSOCK32.dll
0x00007ff846880000 - 0x00007ff8468a3000 	C:\Windows\SYSTEM32\WINMM.dll
0x00007ff83bb60000 - 0x00007ff83bb6a000 	C:\Windows\SYSTEM32\VERSION.dll
0x00007ff84b210000 - 0x00007ff84b27a000 	C:\Windows\System32\WS2_32.dll
0x00007ff846740000 - 0x00007ff84676b000 	C:\Windows\SYSTEM32\WINMMBASE.dll
0x00007ff848cb0000 - 0x00007ff848cf2000 	C:\Windows\System32\cfgmgr32.dll
0x00000000683b0000 - 0x00000000683bf000 	D:\Java\jdk1.8.0_131\jre\bin\verify.dll
0x0000000068380000 - 0x00000000683a9000 	D:\Java\jdk1.8.0_131\jre\bin\java.dll
0x0000000068330000 - 0x0000000068353000 	D:\Java\jdk1.8.0_131\jre\bin\instrument.dll
0x0000000068360000 - 0x0000000068376000 	D:\Java\jdk1.8.0_131\jre\bin\zip.dll
0x00007ff849b10000 - 0x00007ff84b019000 	C:\Windows\System32\SHELL32.dll
0x00007ff848490000 - 0x00007ff848b6a000 	C:\Windows\System32\windows.storage.dll
0x00007ff848420000 - 0x00007ff84846c000 	C:\Windows\System32\powrprof.dll
0x00007ff849740000 - 0x00007ff849792000 	C:\Windows\System32\shlwapi.dll
0x00007ff848410000 - 0x00007ff84841f000 	C:\Windows\System32\kernel.appcore.dll
0x00007ff848b70000 - 0x00007ff848c19000 	C:\Windows\System32\shcore.dll
0x00007ff848470000 - 0x00007ff848484000 	C:\Windows\System32\profapi.dll
0x00007ff836fd0000 - 0x00007ff836fea000 	D:\IntelliJ IDEA 2017.1.4\bin\breakgen64.dll
0x0000000068310000 - 0x000000006832a000 	D:\Java\jdk1.8.0_131\jre\bin\net.dll
0x00007ff847cd0000 - 0x00007ff847d2c000 	C:\Windows\system32\mswsock.dll
0x00000000682f0000 - 0x0000000068301000 	D:\Java\jdk1.8.0_131\jre\bin\nio.dll

VM Arguments:
jvm_args: -Dmaven.multiModuleProjectDirectory=G:\ace-security\ace-gate -Dmaven.home=D:\IntelliJ IDEA 2017.1.4\plugins\maven\lib\maven3 -Dclassworlds.conf=D:\IntelliJ IDEA 2017.1.4\plugins\maven\lib\maven3\bin\m2.conf -javaagent:D:\IntelliJ IDEA 2017.1.4\lib\idea_rt.jar=57179:D:\IntelliJ IDEA 2017.1.4\bin -Dfile.encoding=UTF-8 
java_command: org.codehaus.classworlds.Launcher -Didea.version=2017.1.5 install
java_class_path (initial): D:\IntelliJ IDEA 2017.1.4\plugins\maven\lib\maven3\boot\plexus-classworlds-2.5.2.jar;D:\IntelliJ IDEA 2017.1.4\lib\idea_rt.jar
Launcher Type: SUN_STANDARD

Environment Variables:
JAVA_HOME=D:\WeiOA365\bin\jdk1.7.0_79
CLASSPATH=.;
PATH=C:\Program Files\Docker\Docker\Resources\bin;D:\WeiOA365\bin\jdk1.7.0_79\bin;C:\Windows\system32;C:\Windows;C:\Windows\System32\Wbem;C:\Windows\System32\WindowsPowerShell\v1.0\;D:\apache-maven-3.5.0\bin;D:\WeiOA365\bin\jdk1.7.0_79\bin;C:\Program Files\TortoiseSVN\bin;D:\mysql-5.7.17-winx64\bin;C:\Program Files\Git\cmd;D:\erl9.1\bin;D:\node-v8.9.0-win-x64\;E:\apache-tomcat-8.5.20\bin;C:\Users\Administrator\AppData\Local\Microsoft\WindowsApps;C:\Users\Administrator\AppData\Local\atom\bin
USERNAME=Administrator
OS=Windows_NT
PROCESSOR_IDENTIFIER=Intel64 Family 6 Model 60 Stepping 3, GenuineIntel



---------------  S Y S T E M  ---------------

OS: Windows 10.0 , 64 bit Build 14393 (10.0.14393.0)

CPU:total 4 (initial active 4) (4 cores per cpu, 1 threads per core) family 6 model 60 stepping 3, cmov, cx8, fxsr, mmx, sse, sse2, sse3, ssse3, sse4.1, sse4.2, popcnt, avx, avx2, aes, clmul, erms, lzcnt, tsc, tscinvbit, bmi1, bmi2

Memory: 4k page, physical 16645644k(4402848k free), swap 31225608k(5508k free)

vm_info: Java HotSpot(TM) 64-Bit Server VM (25.131-b11) for windows-amd64 JRE (1.8.0_131-b11), built on Mar 15 2017 01:23:53 by "java_re" with MS VC++ 10.0 (VS2010)

time: Sat Feb 03 17:30:40 2018
elapsed time: 2 seconds (0d 0h 0m 2s)

