#
# There is insufficient memory for the Java Runtime Environment to continue.
# Native memory allocation (malloc) failed to allocate 1098256 bytes for Chunk::new
# Possible reasons:
#   The system is out of physical RAM or swap space
#   In 32 bit mode, the process size limit was hit
# Possible solutions:
#   Reduce memory load on the system
#   Increase physical memory or swap space
#   Check if swap backing store is full
#   Use 64 bit Java on a 64 bit OS
#   Decrease Java heap size (-Xmx/-Xms)
#   Decrease number of Java threads
#   Decrease Java thread stack sizes (-Xss)
#   Set larger code cache with -XX:ReservedCodeCacheSize=
# This output file may be truncated or incomplete.
#
#  Out of Memory Error (allocation.cpp:390), pid=44764, tid=0x0000000000006e28
#
# JRE version: Java(TM) SE Runtime Environment (8.0_131-b11) (build 1.8.0_131-b11)
# Java VM: Java HotSpot(TM) 64-Bit Server VM (25.131-b11 mixed mode windows-amd64 compressed oops)
# Failed to write core dump. Minidumps are not enabled by default on client versions of Windows
#

---------------  T H R E A D  ---------------

Current thread (0x000000001db74800):  JavaThread "C2 CompilerThread0" daemon [_thread_in_native, id=28200, stack(0x000000001e240000,0x000000001e340000)]

Stack: [0x000000001e240000,0x000000001e340000]
[error occurred during error reporting (printing stack bounds), id 0xc0000005]

Native frames: (J=compiled Java code, j=interpreted, Vv=VM code, C=native code)


Current CompileTask:
C2:   1600 2209       4       org.apache.maven.artifact.versioning.ComparableVersion::parseVersion (389 bytes)


---------------  P R O C E S S  ---------------

Java Threads: ( => current thread )
  0x000000001dc0b000 JavaThread "Service Thread" daemon [_thread_blocked, id=28640, stack(0x000000001e540000,0x000000001e640000)]
  0x000000001db7b800 JavaThread "C1 CompilerThread2" daemon [_thread_blocked, id=43456, stack(0x000000001e440000,0x000000001e540000)]
  0x000000001db7a800 JavaThread "C2 CompilerThread1" daemon [_thread_in_native, id=38744, stack(0x000000001e340000,0x000000001e440000)]
=>0x000000001db74800 JavaThread "C2 CompilerThread0" daemon [_thread_in_native, id=28200, stack(0x000000001e240000,0x000000001e340000)]
  0x000000001db5d800 JavaThread "Monitor Ctrl-Break" daemon [_thread_in_native, id=42404, stack(0x000000001e140000,0x000000001e240000)]
  0x000000001c849800 JavaThread "Attach Listener" daemon [_thread_blocked, id=26304, stack(0x000000001e040000,0x000000001e140000)]
  0x000000001db50800 JavaThread "Signal Dispatcher" daemon [_thread_blocked, id=41276, stack(0x000000001df40000,0x000000001e040000)]
  0x000000001c7da000 JavaThread "Finalizer" daemon [_thread_blocked, id=38040, stack(0x000000001da40000,0x000000001db40000)]
  0x0000000003241000 JavaThread "Reference Handler" daemon [_thread_blocked, id=41108, stack(0x000000001d940000,0x000000001da40000)]
  0x0000000002ecd800 JavaThread "main" [_thread_in_Java, id=35384, stack(0x0000000002ed0000,0x0000000002fd0000)]

Other Threads:
  0x000000001c7b7800 VMThread [stack: 0x000000001d840000,0x000000001d940000] [id=28088]
  0x000000001dc1d800 WatcherThread [stack: 0x000000001e640000,0x000000001e740000] [id=40968]

VM state:not at safepoint (normal execution)

VM Mutex/Monitor currently owned by a thread: None

Heap:
 PSYoungGen      total 75776K, used 26613K [0x000000076b580000, 0x0000000774980000, 0x00000007c0000000)
  eden space 65024K, 24% used [0x000000076b580000,0x000000076c4ff6d0,0x000000076f500000)
  from space 10752K, 99% used [0x000000076ff80000,0x00000007709fe030,0x0000000770a00000)
  to   space 10752K, 0% used [0x000000076f500000,0x000000076f500000,0x000000076ff80000)
 ParOldGen       total 173568K, used 2069K [0x00000006c2000000, 0x00000006cc980000, 0x000000076b580000)
  object space 173568K, 1% used [0x00000006c2000000,0x00000006c22054a0,0x00000006cc980000)
 Metaspace       used 15372K, capacity 15726K, committed 15872K, reserved 1062912K
  class space    used 1859K, capacity 1945K, committed 2048K, reserved 1048576K

Card table byte_map: [0x0000000012610000,0x0000000012e10000] byte_map_base: 0x000000000f000000

Marking Bits: (ParMarkBitMap*) 0x0000000068bdc720
 Begin Bits: [0x0000000013760000, 0x00000000176e0000)
 End Bits:   [0x00000000176e0000, 0x000000001b660000)

Polling page: 0x00000000011d0000

CodeCache: size=245760Kb used=8076Kb max_used=8076Kb free=237683Kb
 bounds [0x0000000003250000, 0x0000000003a40000, 0x0000000012250000]
 total_blobs=2692 nmethods=2346 adapters=258
 compilation: enabled

Compilation events (10 events):
Event: 1.566 Thread 0x000000001db7b800 2349       1       org.apache.maven.plugin.descriptor.Parameter::getName (5 bytes)
Event: 1.566 Thread 0x000000001db7b800 nmethod 2349 0x0000000003a37e50 code [0x0000000003a37fa0, 0x0000000003a380b0]
Event: 1.566 Thread 0x000000001db7b800 2350       3       org.apache.maven.plugin.descriptor.Parameter::equals (30 bytes)
Event: 1.566 Thread 0x000000001db7b800 nmethod 2350 0x0000000003a38110 code [0x0000000003a382a0, 0x0000000003a38788]
Event: 1.573 Thread 0x000000001db7b800 2351       3       java.nio.charset.Charset::lookup (44 bytes)
Event: 1.574 Thread 0x000000001db7b800 nmethod 2351 0x0000000003a38890 code [0x0000000003a38a40, 0x0000000003a38f28]
Event: 1.586 Thread 0x000000001db7b800 2353       3       org.apache.maven.model.building.ModelData::getVersion (17 bytes)
Event: 1.586 Thread 0x000000001db7b800 nmethod 2353 0x0000000003a39110 code [0x0000000003a39260, 0x0000000003a39410]
Event: 1.588 Thread 0x000000001db7b800 2354   !   3       sun.nio.cs.StreamDecoder::readBytes (289 bytes)
Event: 1.589 Thread 0x000000001db7b800 nmethod 2354 0x0000000003a39490 code [0x0000000003a39740, 0x0000000003a3aa08]

GC Heap History (4 events):
Event: 0.727 GC heap before
{Heap before GC invocations=1 (full 0):
 PSYoungGen      total 75776K, used 65024K [0x000000076b580000, 0x0000000770a00000, 0x00000007c0000000)
  eden space 65024K, 100% used [0x000000076b580000,0x000000076f500000,0x000000076f500000)
  from space 10752K, 0% used [0x000000076ff80000,0x000000076ff80000,0x0000000770a00000)
  to   space 10752K, 0% used [0x000000076f500000,0x000000076f500000,0x000000076ff80000)
 ParOldGen       total 173568K, used 0K [0x00000006c2000000, 0x00000006cc980000, 0x000000076b580000)
  object space 173568K, 0% used [0x00000006c2000000,0x00000006c2000000,0x00000006cc980000)
 Metaspace       used 11408K, capacity 11682K, committed 11776K, reserved 1058816K
  class space    used 1429K, capacity 1511K, committed 1536K, reserved 1048576K
Event: 0.734 GC heap after
Heap after GC invocations=1 (full 0):
 PSYoungGen      total 75776K, used 9371K [0x000000076b580000, 0x0000000770a00000, 0x00000007c0000000)
  eden space 65024K, 0% used [0x000000076b580000,0x000000076b580000,0x000000076f500000)
  from space 10752K, 87% used [0x000000076f500000,0x000000076fe26fa8,0x000000076ff80000)
  to   space 10752K, 0% used [0x000000076ff80000,0x000000076ff80000,0x0000000770a00000)
 ParOldGen       total 173568K, used 16K [0x00000006c2000000, 0x00000006cc980000, 0x000000076b580000)
  object space 173568K, 0% used [0x00000006c2000000,0x00000006c2004000,0x00000006cc980000)
 Metaspace       used 11408K, capacity 11682K, committed 11776K, reserved 1058816K
  class space    used 1429K, capacity 1511K, committed 1536K, reserved 1048576K
}
Event: 1.435 GC heap before
{Heap before GC invocations=2 (full 0):
 PSYoungGen      total 75776K, used 74395K [0x000000076b580000, 0x0000000770a00000, 0x00000007c0000000)
  eden space 65024K, 100% used [0x000000076b580000,0x000000076f500000,0x000000076f500000)
  from space 10752K, 87% used [0x000000076f500000,0x000000076fe26fa8,0x000000076ff80000)
  to   space 10752K, 0% used [0x000000076ff80000,0x000000076ff80000,0x0000000770a00000)
 ParOldGen       total 173568K, used 16K [0x00000006c2000000, 0x00000006cc980000, 0x000000076b580000)
  object space 173568K, 0% used [0x00000006c2000000,0x00000006c2004000,0x00000006cc980000)
 Metaspace       used 15061K, capacity 15374K, committed 15488K, reserved 1062912K
  class space    used 1839K, capacity 1913K, committed 1920K, reserved 1048576K
Event: 1.447 GC heap after
Heap after GC invocations=2 (full 0):
 PSYoungGen      total 75776K, used 10744K [0x000000076b580000, 0x0000000774980000, 0x00000007c0000000)
  eden space 65024K, 0% used [0x000000076b580000,0x000000076b580000,0x000000076f500000)
  from space 10752K, 99% used [0x000000076ff80000,0x00000007709fe030,0x0000000770a00000)
  to   space 10752K, 0% used [0x000000076f500000,0x000000076f500000,0x000000076ff80000)
 ParOldGen       total 173568K, used 2069K [0x00000006c2000000, 0x00000006cc980000, 0x000000076b580000)
  object space 173568K, 1% used [0x00000006c2000000,0x00000006c22054a0,0x00000006cc980000)
 Metaspace       used 15061K, capacity 15374K, committed 15488K, reserved 1062912K
  class space    used 1839K, capacity 1913K, committed 1920K, reserved 1048576K
}

Deoptimization events (10 events):
Event: 0.975 Thread 0x0000000002ecd800 Uncommon trap: reason=unstable_if action=reinterpret pc=0x0000000003538a8c method=org.codehaus.plexus.util.xml.pull.MXParser.parseStartTag()I @ 443
Event: 1.024 Thread 0x0000000002ecd800 Uncommon trap: reason=unstable_if action=reinterpret pc=0x0000000003417010 method=java.lang.String.replace(CC)Ljava/lang/String; @ 2
Event: 1.048 Thread 0x0000000002ecd800 Uncommon trap: reason=unstable_if action=reinterpret pc=0x00000000037540c8 method=sun.nio.cs.UTF_8$Decoder.decode([BII[C)I @ 30
Event: 1.048 Thread 0x0000000002ecd800 Uncommon trap: reason=unstable_if action=reinterpret pc=0x00000000034d146c method=sun.nio.cs.UTF_8$Decoder.decodeArrayLoop(Ljava/nio/ByteBuffer;Ljava/nio/CharBuffer;)Ljava/nio/charset/CoderResult; @ 84
Event: 1.121 Thread 0x0000000002ecd800 Uncommon trap: reason=unstable_if action=reinterpret pc=0x00000000037db3b4 method=java.lang.reflect.AccessibleObject.setAccessible0(Ljava/lang/reflect/AccessibleObject;Z)V @ 4
Event: 1.162 Thread 0x0000000002ecd800 Uncommon trap: reason=null_check action=make_not_entrant pc=0x000000000381b4bc method=org.apache.maven.model.io.xpp3.MavenXpp3ReaderEx.checkFieldWithDuplicate(Lorg/codehaus/plexus/util/xml/pull/XmlPullParser;Ljava/lang/String;Ljava/lang/String;Ljava/util/
Event: 1.211 Thread 0x0000000002ecd800 Uncommon trap: reason=unstable_if action=reinterpret pc=0x00000000037a8500 method=org.codehaus.plexus.util.xml.pull.MXParser.nextImpl()I @ 879
Event: 1.315 Thread 0x0000000002ecd800 Uncommon trap: reason=unstable_if action=reinterpret pc=0x0000000003888a30 method=org.codehaus.plexus.util.xml.pull.MXParser.nextImpl()I @ 972
Event: 1.491 Thread 0x0000000002ecd800 Uncommon trap: reason=unstable_if action=reinterpret pc=0x0000000003935238 method=org.apache.maven.model.Dependency.clone()Lorg/apache/maven/model/Dependency; @ 76
Event: 1.557 Thread 0x0000000002ecd800 Uncommon trap: reason=unstable_if action=reinterpret pc=0x000000000390797c method=org.codehaus.plexus.util.xml.pull.MXParser.nextImpl()I @ 1161

Internal exceptions (10 events):
Event: 0.402 Thread 0x0000000002ecd800 Exception <a 'java/lang/ArrayIndexOutOfBoundsException'> (0x000000076cc56d08) thrown at [C:\re\workspace\8-2-build-windows-amd64-cygwin\jdk8u131\8869\hotspot\src\share\vm\runtime\sharedRuntime.cpp, line 605]
Event: 0.402 Thread 0x0000000002ecd800 Exception <a 'java/lang/ArrayIndexOutOfBoundsException'> (0x000000076cc58448) thrown at [C:\re\workspace\8-2-build-windows-amd64-cygwin\jdk8u131\8869\hotspot\src\share\vm\runtime\sharedRuntime.cpp, line 605]
Event: 0.402 Thread 0x0000000002ecd800 Exception <a 'java/lang/ArrayIndexOutOfBoundsException': 24> (0x000000076cc59190) thrown at [C:\re\workspace\8-2-build-windows-amd64-cygwin\jdk8u131\8869\hotspot\src\share\vm\interpreter\interpreterRuntime.cpp, line 366]
Event: 0.480 Thread 0x0000000002ecd800 Exception <a 'java/lang/ArrayIndexOutOfBoundsException': 73> (0x000000076d8b8128) thrown at [C:\re\workspace\8-2-build-windows-amd64-cygwin\jdk8u131\8869\hotspot\src\share\vm\interpreter\interpreterRuntime.cpp, line 366]
Event: 0.480 Thread 0x0000000002ecd800 Exception <a 'java/lang/ArrayIndexOutOfBoundsException': 131> (0x000000076d8b9ad0) thrown at [C:\re\workspace\8-2-build-windows-amd64-cygwin\jdk8u131\8869\hotspot\src\share\vm\interpreter\interpreterRuntime.cpp, line 366]
Event: 0.862 Thread 0x0000000002ecd800 Exception <a 'java/lang/NoClassDefFoundError': com/google/inject/servlet/ServletModuleTargetVisitor> (0x000000076c075f70) thrown at [C:\re\workspace\8-2-build-windows-amd64-cygwin\jdk8u131\8869\hotspot\src\share\vm\classfile\systemDictionary.cpp, line 199
Event: 0.862 Thread 0x0000000002ecd800 Exception <a 'java/lang/NoClassDefFoundError'> (0x000000076c075f70) thrown at [C:\re\workspace\8-2-build-windows-amd64-cygwin\jdk8u131\8869\hotspot\src\share\vm\prims\jvm.cpp, line 1394]
Event: 0.862 Thread 0x0000000002ecd800 Exception <a 'java/lang/NoClassDefFoundError': javax/annotation/Priority> (0x000000076c07ab68) thrown at [C:\re\workspace\8-2-build-windows-amd64-cygwin\jdk8u131\8869\hotspot\src\share\vm\classfile\systemDictionary.cpp, line 199]
Event: 0.956 Thread 0x0000000002ecd800 Implicit null exception at 0x000000000342bd1b to 0x000000000342bf05
Event: 1.162 Thread 0x0000000002ecd800 Implicit null exception at 0x000000000381a1b1 to 0x000000000381b4a5

Events (10 events):
Event: 1.566 loading class org/codehaus/plexus/component/repository/ComponentDependency
Event: 1.566 loading class org/codehaus/plexus/component/repository/ComponentDependency done
Event: 1.567 loading class org/apache/maven/plugin/MavenPluginValidator
Event: 1.567 loading class org/apache/maven/plugin/MavenPluginValidator done
Event: 1.568 loading class org/apache/maven/plugin/MojoExecution$Source
Event: 1.568 loading class org/apache/maven/plugin/MojoExecution$Source done
Event: 1.568 loading class java/util/TreeMap$Values
Event: 1.568 loading class java/util/TreeMap$Values done
Event: 1.568 loading class java/util/TreeMap$ValueIterator
Event: 1.568 loading class java/util/TreeMap$ValueIterator done


Dynamic libraries:
0x00007ff648060000 - 0x00007ff648097000 	D:\Java\jdk1.8.0_131\bin\java.exe
0x00007ff84bfa0000 - 0x00007ff84c171000 	C:\Windows\SYSTEM32\ntdll.dll
0x00007ff849590000 - 0x00007ff84963b000 	C:\Windows\System32\KERNEL32.DLL
0x00007ff849120000 - 0x00007ff84933d000 	C:\Windows\System32\KERNELBASE.dll
0x00007ff84b840000 - 0x00007ff84b8e2000 	C:\Windows\System32\ADVAPI32.dll
0x00007ff84b7a0000 - 0x00007ff84b83e000 	C:\Windows\System32\msvcrt.dll
0x00007ff849530000 - 0x00007ff849589000 	C:\Windows\System32\sechost.dll
0x00007ff8497a0000 - 0x00007ff8498c1000 	C:\Windows\System32\RPCRT4.dll
0x00007ff84b090000 - 0x00007ff84b1f5000 	C:\Windows\System32\USER32.dll
0x00007ff848c20000 - 0x00007ff848c3e000 	C:\Windows\System32\win32u.dll
0x00007ff84b700000 - 0x00007ff84b734000 	C:\Windows\System32\GDI32.dll
0x00007ff849340000 - 0x00007ff8494c2000 	C:\Windows\System32\gdi32full.dll
0x00007ff83dbb0000 - 0x00007ff83de2a000 	C:\Windows\WinSxS\amd64_microsoft.windows.common-controls_6595b64144ccf1df_6.0.14393.953_none_42151e83c686086b\COMCTL32.dll
0x00007ff84b430000 - 0x00007ff84b6f8000 	C:\Windows\System32\combase.dll
0x00007ff848d00000 - 0x00007ff848df5000 	C:\Windows\System32\ucrtbase.dll
0x00007ff848c40000 - 0x00007ff848caa000 	C:\Windows\System32\bcryptPrimitives.dll
0x00007ff84b3e0000 - 0x00007ff84b40e000 	C:\Windows\System32\IMM32.DLL
0x0000000068c60000 - 0x0000000068d32000 	D:\Java\jdk1.8.0_131\jre\bin\msvcr100.dll
0x00000000683c0000 - 0x0000000068c5c000 	D:\Java\jdk1.8.0_131\jre\bin\server\jvm.dll
0x00007ff84b410000 - 0x00007ff84b418000 	C:\Windows\System32\PSAPI.DLL
0x00007ff846880000 - 0x00007ff8468a3000 	C:\Windows\SYSTEM32\WINMM.dll
0x00007ff83bc20000 - 0x00007ff83bc29000 	C:\Windows\SYSTEM32\WSOCK32.dll
0x00007ff83bb60000 - 0x00007ff83bb6a000 	C:\Windows\SYSTEM32\VERSION.dll
0x00007ff84b210000 - 0x00007ff84b27a000 	C:\Windows\System32\WS2_32.dll
0x00007ff846740000 - 0x00007ff84676b000 	C:\Windows\SYSTEM32\WINMMBASE.dll
0x00007ff848cb0000 - 0x00007ff848cf2000 	C:\Windows\System32\cfgmgr32.dll
0x00000000683b0000 - 0x00000000683bf000 	D:\Java\jdk1.8.0_131\jre\bin\verify.dll
0x0000000068380000 - 0x00000000683a9000 	D:\Java\jdk1.8.0_131\jre\bin\java.dll
0x0000000068330000 - 0x0000000068353000 	D:\Java\jdk1.8.0_131\jre\bin\instrument.dll
0x0000000068360000 - 0x0000000068376000 	D:\Java\jdk1.8.0_131\jre\bin\zip.dll
0x00007ff849b10000 - 0x00007ff84b019000 	C:\Windows\System32\SHELL32.dll
0x00007ff848490000 - 0x00007ff848b6a000 	C:\Windows\System32\windows.storage.dll
0x00007ff848420000 - 0x00007ff84846c000 	C:\Windows\System32\powrprof.dll
0x00007ff849740000 - 0x00007ff849792000 	C:\Windows\System32\shlwapi.dll
0x00007ff848410000 - 0x00007ff84841f000 	C:\Windows\System32\kernel.appcore.dll
0x00007ff848b70000 - 0x00007ff848c19000 	C:\Windows\System32\shcore.dll
0x00007ff848470000 - 0x00007ff848484000 	C:\Windows\System32\profapi.dll
0x00007ff836fd0000 - 0x00007ff836fea000 	D:\IntelliJ IDEA 2017.1.4\bin\breakgen64.dll
0x0000000068310000 - 0x000000006832a000 	D:\Java\jdk1.8.0_131\jre\bin\net.dll
0x00007ff847cd0000 - 0x00007ff847d2c000 	C:\Windows\system32\mswsock.dll
0x00000000682f0000 - 0x0000000068301000 	D:\Java\jdk1.8.0_131\jre\bin\nio.dll

VM Arguments:
jvm_args: -Dmaven.multiModuleProjectDirectory=G:\ace-security\ace-gate -Dmaven.home=D:\IntelliJ IDEA 2017.1.4\plugins\maven\lib\maven3 -Dclassworlds.conf=D:\IntelliJ IDEA 2017.1.4\plugins\maven\lib\maven3\bin\m2.conf -javaagent:D:\IntelliJ IDEA 2017.1.4\lib\idea_rt.jar=56023:D:\IntelliJ IDEA 2017.1.4\bin -Dfile.encoding=UTF-8 
java_command: org.codehaus.classworlds.Launcher -Didea.version=2017.1.5 install
java_class_path (initial): D:\IntelliJ IDEA 2017.1.4\plugins\maven\lib\maven3\boot\plexus-classworlds-2.5.2.jar;D:\IntelliJ IDEA 2017.1.4\lib\idea_rt.jar
Launcher Type: SUN_STANDARD

Environment Variables:
JAVA_HOME=D:\WeiOA365\bin\jdk1.7.0_79
CLASSPATH=.;
PATH=C:\Program Files\Docker\Docker\Resources\bin;D:\WeiOA365\bin\jdk1.7.0_79\bin;C:\Windows\system32;C:\Windows;C:\Windows\System32\Wbem;C:\Windows\System32\WindowsPowerShell\v1.0\;D:\apache-maven-3.5.0\bin;D:\WeiOA365\bin\jdk1.7.0_79\bin;C:\Program Files\TortoiseSVN\bin;D:\mysql-5.7.17-winx64\bin;C:\Program Files\Git\cmd;D:\erl9.1\bin;D:\node-v8.9.0-win-x64\;E:\apache-tomcat-8.5.20\bin;C:\Users\Administrator\AppData\Local\Microsoft\WindowsApps;C:\Users\Administrator\AppData\Local\atom\bin
USERNAME=Administrator
OS=Windows_NT
PROCESSOR_IDENTIFIER=Intel64 Family 6 Model 60 Stepping 3, GenuineIntel



---------------  S Y S T E M  ---------------

OS: Windows 10.0 , 64 bit Build 14393 (10.0.14393.0)

CPU:total 4 (initial active 4) (4 cores per cpu, 1 threads per core) family 6 model 60 stepping 3, cmov, cx8, fxsr, mmx, sse, sse2, sse3, ssse3, sse4.1, sse4.2, popcnt, avx, avx2, aes, clmul, erms, lzcnt, tsc, tscinvbit, bmi1, bmi2

Memory: 4k page, physical 16645644k(4088076k free), swap 31225608k(9720k free)

vm_info: Java HotSpot(TM) 64-Bit Server VM (25.131-b11) for windows-amd64 JRE (1.8.0_131-b11), built on Mar 15 2017 01:23:53 by "java_re" with MS VC++ 10.0 (VS2010)

time: Sat Feb 03 17:22:02 2018
elapsed time: 1 seconds (0d 0h 0m 1s)

